Arguments: 
  C:\Program Files\nodejs\node.exe C:\Users\Usama\AppData\Roaming\npm\node_modules\yarn\bin\yarn.js dev

PATH: 
  C:\WINDOWS\system32;C:\WINDOWS;C:\WINDOWS\System32\Wbem;C:\WINDOWS\System32\WindowsPowerShell\v1.0\;C:\WINDOWS\System32\OpenSSH\;C:\Program Files\nodejs\;C:\Program Files\Microsoft VS Code\bin;C:\Program Files\Git\cmd;C:\Users\Usama\AppData\Local\Microsoft\WindowsApps;C:\Users\Usama\AppData\Roaming\npm;C:\Program Files\JetBrains\WebStorm 2021.2.3\bin;

Yarn version: 
  1.22.11

Node version: 
  14.17.6

Platform: 
  win32 x64

Trace: 
  SyntaxError: D:\Projects\POS\application\client\package.json: Unexpected end of JSON input
      at JSON.parse (<anonymous>)
      at C:\Users\Usama\AppData\Roaming\npm\node_modules\yarn\lib\cli.js:1625:59
      at Generator.next (<anonymous>)
      at step (C:\Users\Usama\AppData\Roaming\npm\node_modules\yarn\lib\cli.js:310:30)
      at C:\Users\Usama\AppData\Roaming\npm\node_modules\yarn\lib\cli.js:321:13

npm manifest: 
  

yarn manifest: 
  No manifest

Lockfile: 
  No lockfile
